<?xml version="1.0" encoding="UTF-8"?>
<!-- Generated by org.testng.reporters.JUnitXMLReporter -->
<testsuite ignored="0" hostname="NODLTP52093562" failures="0" tests="3" name="Test" time="18.569" errors="0" timestamp="2021-04-26T11:52:15 IST">
  <testcase classname="com.bene.testcases.LoginPageTest" name="login" time="0.482"/>
  <testcase classname="com.bene.testcases.OpenAccounTest" name="clickAccount" time="15.759"/>
  <testcase classname="com.bene.testcases.CreateAccountTest" name="accountcreate" time="2.146"/>
</testsuite> <!-- Test -->
