<?xml version="1.0" encoding="UTF-8"?>
<testng-results ignored="0" total="3" passed="3" failed="0" skipped="0">
  <reporter-output>
  </reporter-output>
  <suite started-at="2021-04-26T11:51:56 IST" name="Suite" finished-at="2021-04-26T11:52:15 IST" duration-ms="18569">
    <groups>
    </groups>
    <test started-at="2021-04-26T11:51:56 IST" name="Test" finished-at="2021-04-26T11:52:15 IST" duration-ms="18569">
      <class name="com.bene.testcases.LoginPageTest">
        <test-method is-config="true" signature="Setup()[pri:0, instance:com.bene.testcases.LoginPageTest@6719a5b8]" started-at="2021-04-26T11:51:56 IST" name="Setup" finished-at="2021-04-26T11:51:56 IST" duration-ms="6" status="PASS">
          <reporter-output>
          </reporter-output>
        </test-method> <!-- Setup -->
        <test-method signature="login()[pri:0, instance:com.bene.testcases.LoginPageTest@6719a5b8]" started-at="2021-04-26T11:51:56 IST" name="login" finished-at="2021-04-26T11:51:57 IST" duration-ms="482" status="PASS">
          <reporter-output>
          </reporter-output>
        </test-method> <!-- login -->
      </class> <!-- com.bene.testcases.LoginPageTest -->
      <class name="com.bene.testcases.CreateAccountTest">
        <test-method signature="accountcreate()[pri:0, instance:com.bene.testcases.CreateAccountTest@a10c1b5]" started-at="2021-04-26T11:52:13 IST" name="accountcreate" finished-at="2021-04-26T11:52:15 IST" duration-ms="2146" status="PASS">
          <reporter-output>
          </reporter-output>
        </test-method> <!-- accountcreate -->
      </class> <!-- com.bene.testcases.CreateAccountTest -->
      <class name="com.bene.testcases.OpenAccounTest">
        <test-method signature="clickAccount()[pri:0, instance:com.bene.testcases.OpenAccounTest@6331250e]" started-at="2021-04-26T11:51:57 IST" name="clickAccount" finished-at="2021-04-26T11:52:13 IST" duration-ms="15759" status="PASS">
          <reporter-output>
          </reporter-output>
        </test-method> <!-- clickAccount -->
      </class> <!-- com.bene.testcases.OpenAccounTest -->
    </test> <!-- Test -->
  </suite> <!-- Suite -->
</testng-results>
